[33m[01m[05m[ You are changing the branch: lab3-1-exam ][0m
Autotest: Begin at Thu Apr 28 14:42:14 CST 2022
[35m[ Basic Test begin ][0m
Begin build at Thu Apr 28 14:42:14 CST 2022
Cleanning the project.................

for d in boot drivers init lib mm;	\
	do					\
		make --directory=$d clean; \
	done; \
rm -rf *.o *~ gxemul/vmlinux
make[1]: Entering directory '/usr/src/workdir/boot'
rm -rf *~ *.o
make[1]: Leaving directory '/usr/src/workdir/boot'
make[1]: Entering directory '/usr/src/workdir/drivers'
for d in gxconsole; \
	do				\
		make --directory=$d clean; \
	done
make[2]: Entering directory '/usr/src/workdir/drivers/gxconsole'
rm -rf *.o *~
make[2]: Leaving directory '/usr/src/workdir/drivers/gxconsole'
make[1]: Leaving directory '/usr/src/workdir/drivers'
make[1]: Entering directory '/usr/src/workdir/init'
rm -rf *~ *.o
make[1]: Leaving directory '/usr/src/workdir/init'
make[1]: Entering directory '/usr/src/workdir/lib'
rm -rf *~ *.o
make[1]: Leaving directory '/usr/src/workdir/lib'
make[1]: Entering directory '/usr/src/workdir/mm'
rm -rf *~ *.o
make[1]: Leaving directory '/usr/src/workdir/mm'

Building the project..................

make --directory=boot
make[1]: Entering directory '/usr/src/workdir/boot'
/OSLAB/compiler/usr/bin/mips_4KC-gcc -O -G 0 -mno-abicalls -fno-builtin -Wa,-xgot -Wall -fPIC -march=r3000 -I../include/ -c start.S 
make[1]: Leaving directory '/usr/src/workdir/boot'
make --directory=drivers
make[1]: Entering directory '/usr/src/workdir/drivers'
make --directory=gxconsole
make[2]: Entering directory '/usr/src/workdir/drivers/gxconsole'
/OSLAB/compiler/usr/bin/mips_4KC-gcc -O -G 0 -mno-abicalls -fno-builtin -Wa,-xgot -Wall -fPIC -march=r3000   -c -o console.o console.c
make[2]: Leaving directory '/usr/src/workdir/drivers/gxconsole'
make[1]: Leaving directory '/usr/src/workdir/drivers'
make --directory=init
make[1]: Entering directory '/usr/src/workdir/init'
/OSLAB/compiler/usr/bin/mips_4KC-gcc -O -G 0 -mno-abicalls -fno-builtin -Wa,-xgot -Wall -fPIC -march=r3000 -I../include -c init.c
init.c: In function 'lab3_1_exam_test1':
init.c:23: error: 'struct Env' has no member named 'env_asid'
init.c:27: warning: implicit declaration of function 'exam_env_run'
init.c:28: error: 'struct Env' has no member named 'env_asid'
init.c:37: warning: implicit declaration of function 'exam_env_free'
init.c:38: error: 'struct Env' has no member named 'env_asid'
init.c:42: error: 'struct Env' has no member named 'env_asid'
init.c: In function 'lab3_1_exam_test2':
init.c:60: error: 'struct Env' has no member named 'env_asid'
init.c:65: error: 'struct Env' has no member named 'env_asid'
init.c:75: error: 'struct Env' has no member named 'env_asid'
init.c:79: error: 'struct Env' has no member named 'env_asid'
init.c: In function 'lab3_1_exam_test3':
init.c:97: error: 'struct Env' has no member named 'env_asid'
init.c:102: error: 'struct Env' has no member named 'env_asid'
init.c:112: error: 'struct Env' has no member named 'env_asid'
init.c:116: error: 'struct Env' has no member named 'env_asid'
make[1]: Leaving directory '/usr/src/workdir/init'
make[1]: *** [Makefile:4: init.o] Error 1
make: *** [Makefile:32: init] Error 2

End build at Thu Apr 28 14:42:16 CST 2022
[35m[ PASSED:0 ][0m
[35m[ TOTAL:3 ][0m
[31m[01m[ Failed to pass basic test ][0m
[33m[01m[ You got 0 (of 100) this time. Thu Apr 28 14:42:16 CST 2022 ][0m
Autotest: End at Thu Apr 28 14:42:16 CST 2022
